<?xml version="1.0" encoding="UTF-8"?>
<!-- Generated by org.testng.reporters.JUnitReportReporter -->
<testsuite skipped="0" hostname="DESKTOP-8LGS150" name="testngFramework.ExplicitWait" tests="2" failures="0" timestamp="01 Jul 2021 13:57:36 GMT" time="15.068" errors="0">
  <testcase name="b_googlesearch" time="9.314" classname="testngFramework.ExplicitWait"/>
  <testcase name="a_pageLoad" time="5.754" classname="testngFramework.ExplicitWait"/>
</testsuite> <!-- testngFramework.ExplicitWait -->
