<?xml version="1.0" encoding="UTF-8"?>
<!-- Generated by org.testng.reporters.JUnitReportReporter -->
<testsuite skipped="0" hostname="LAPTOP-C6RVM9LF" name="testngFramework.VerificationCommands" tests="2" failures="0" timestamp="17 Jun 2021 04:05:46 GMT" time="29.650" errors="0">
  <testcase name="b_radioButton" time="0.818" classname="testngFramework.VerificationCommands"/>
  <testcase name="a_pageLoad" time="28.832" classname="testngFramework.VerificationCommands"/>
</testsuite> <!-- testngFramework.VerificationCommands -->
