<?xml version="1.0" encoding="UTF-8"?>
<!-- Generated by org.testng.reporters.JUnitReportReporter -->
<testsuite skipped="0" hostname="LAPTOP-C6RVM9LF" name="assignments.MethodDependency" tests="5" failures="0" timestamp="16 Jun 2021 03:15:58 GMT" time="0.020" errors="0">
  <testcase name="f2" time="0.001" classname="assignments.MethodDependency"/>
  <testcase name="f5" time="0.002" classname="assignments.MethodDependency"/>
  <testcase name="f3" time="0.015" classname="assignments.MethodDependency"/>
  <testcase name="f1" time="0.001" classname="assignments.MethodDependency"/>
  <testcase name="f4" time="0.001" classname="assignments.MethodDependency"/>
</testsuite> <!-- assignments.MethodDependency -->
