<?xml version="1.0" encoding="UTF-8"?>
<!-- Generated by org.testng.reporters.JUnitReportReporter -->
<testsuite skipped="0" hostname="LAPTOP-C6RVM9LF" name="assignments.Tutorialsninja" tests="5" failures="0" timestamp="14 Jun 2021 08:13:56 GMT" time="19.209" errors="0">
  <testcase name="pageLoad" time="15.832" classname="assignments.Tutorialsninja"/>
  <testcase name="personalInfo" time="1.575" classname="assignments.Tutorialsninja"/>
  <testcase name="password" time="0.438" classname="assignments.Tutorialsninja"/>
  <testcase name="newsletter" time="0.420" classname="assignments.Tutorialsninja"/>
  <testcase name="signin" time="0.944" classname="assignments.Tutorialsninja"/>
</testsuite> <!-- assignments.Tutorialsninja -->
