<?xml version="1.0" encoding="UTF-8"?>
<!-- Generated by org.testng.reporters.JUnitReportReporter -->
<testsuite skipped="0" hostname="LAPTOP-C6RVM9LF" name="testngassignments.Formy" tests="8" failures="0" timestamp="17 Jun 2021 03:10:05 GMT" time="16.280" errors="0">
  <testcase name="g_date" time="0.253" classname="testngassignments.Formy"/>
  <testcase name="f_experience" time="0.429" classname="testngassignments.Formy"/>
  <testcase name="h_submit" time="0.146" classname="testngassignments.Formy"/>
  <testcase name="a_pageLoad" time="13.070" classname="testngassignments.Formy"/>
  <testcase name="d_education" time="0.137" classname="testngassignments.Formy"/>
  <testcase name="c_job" time="0.177" classname="testngassignments.Formy"/>
  <testcase name="e_sex" time="0.096" classname="testngassignments.Formy"/>
  <testcase name="b_name" time="1.972" classname="testngassignments.Formy"/>
</testsuite> <!-- testngassignments.Formy -->
