<?xml version="1.0" encoding="UTF-8"?>
<!-- Generated by org.testng.reporters.JUnitReportReporter -->
<testsuite skipped="0" hostname="LAPTOP-C6RVM9LF" name="testngFramework.Assertions" tests="7" failures="0" timestamp="21 Jun 2021 04:20:21 GMT" time="10.725" errors="0">
  <testcase name="c_assertnotequals" time="0.035" classname="testngFramework.Assertions"/>
  <testcase name="e_assertfalse" time="0.036" classname="testngFramework.Assertions"/>
  <testcase name="f_assertnotnull" time="0.014" classname="testngFramework.Assertions"/>
  <testcase name="g_assertnull" time="0.002" classname="testngFramework.Assertions"/>
  <testcase name="b_assertEquals" time="0.088" classname="testngFramework.Assertions"/>
  <testcase name="a_pageLoad" time="10.511" classname="testngFramework.Assertions"/>
  <testcase name="d_assertTrue" time="0.039" classname="testngFramework.Assertions"/>
</testsuite> <!-- testngFramework.Assertions -->
