<?xml version="1.0" encoding="UTF-8"?>
<!-- Generated by org.testng.reporters.JUnitReportReporter -->
<testsuite skipped="0" hostname="LAPTOP-C6RVM9LF" name="assignments.PetStore" tests="4" failures="0" timestamp="15 Jun 2021 03:05:04 GMT" time="52.676" errors="0">
  <testcase name="pageLoad" time="38.244" classname="assignments.PetStore"/>
  <testcase name="userInfo" time="4.001" classname="assignments.PetStore"/>
  <testcase name="accountInfo" time="1.302" classname="assignments.PetStore"/>
  <testcase name="personalInfo" time="9.129" classname="assignments.PetStore"/>
</testsuite> <!-- assignments.PetStore -->
