<?xml version="1.0" encoding="UTF-8"?>
<!-- Generated by org.testng.reporters.JUnitReportReporter -->
<testsuite skipped="0" hostname="LAPTOP-C6RVM9LF" name="testngassignments.PetStore" tests="4" failures="0" timestamp="17 Jun 2021 03:10:05 GMT" time="17.280" errors="0">
  <testcase name="pageLoad" time="9.965" classname="testngassignments.PetStore"/>
  <testcase name="userInfo" time="0.840" classname="testngassignments.PetStore"/>
  <testcase name="accountInfo" time="1.425" classname="testngassignments.PetStore"/>
  <testcase name="personalInfo" time="5.050" classname="testngassignments.PetStore"/>
</testsuite> <!-- testngassignments.PetStore -->
