<?xml version="1.0" encoding="UTF-8"?>
<!-- Generated by org.testng.reporters.JUnitReportReporter -->
<testsuite skipped="0" hostname="LAPTOP-C6RVM9LF" name="assignments.Medical" tests="10" failures="0" timestamp="15 Jun 2021 06:45:26 GMT" time="40.503" errors="0">
  <testcase name="j_confirm" time="0.123" classname="assignments.Medical"/>
  <testcase name="g_address" time="1.014" classname="assignments.Medical"/>
  <testcase name="b_logIn" time="5.843" classname="assignments.Medical"/>
  <testcase name="h_phoneNumber" time="0.221" classname="assignments.Medical"/>
  <testcase name="f_birthDay" time="0.725" classname="assignments.Medical"/>
  <testcase name="a_pageLoad" time="12.893" classname="assignments.Medical"/>
  <testcase name="c_register" time="18.559" classname="assignments.Medical"/>
  <testcase name="e_gender" time="0.215" classname="assignments.Medical"/>
  <testcase name="d_name" time="0.515" classname="assignments.Medical"/>
  <testcase name="i_relatives" time="0.395" classname="assignments.Medical"/>
</testsuite> <!-- assignments.Medical -->
