<?xml version="1.0" encoding="UTF-8"?>
<!-- Generated by org.testng.reporters.JUnitReportReporter -->
<testsuite skipped="0" hostname="LAPTOP-C6RVM9LF" name="testngFramework.YourLogoForTestNG" tests="6" failures="0" timestamp="16 Jun 2021 04:28:40 GMT" time="78.631" errors="0">
  <testcase name="d_addressInfo" time="4.505" classname="testngFramework.YourLogoForTestNG"/>
  <testcase name="c_personalInfo" time="31.842" classname="testngFramework.YourLogoForTestNG"/>
  <testcase name="e_signOut" time="4.541" classname="testngFramework.YourLogoForTestNG"/>
  <testcase name="b_intialRegistration" time="11.287" classname="testngFramework.YourLogoForTestNG"/>
  <testcase name="f_signIn" time="4.928" classname="testngFramework.YourLogoForTestNG"/>
  <testcase name="a_pageLoad" time="21.528" classname="testngFramework.YourLogoForTestNG"/>
</testsuite> <!-- testngFramework.YourLogoForTestNG -->
