<?xml version="1.0" encoding="UTF-8"?>
<!-- Generated by org.testng.reporters.JUnitReportReporter -->
<testsuite skipped="0" hostname="LAPTOP-C6RVM9LF" name="testngFramework.ImplicitWait" tests="2" failures="0" timestamp="22 Jun 2021 03:47:10 GMT" time="21.907" errors="0">
  <testcase name="b_googlesearch" time="8.361" classname="testngFramework.ImplicitWait"/>
  <testcase name="a_pageLoad" time="13.546" classname="testngFramework.ImplicitWait"/>
</testsuite> <!-- testngFramework.ImplicitWait -->
