<?xml version="1.0" encoding="UTF-8"?>
<!-- Generated by org.testng.reporters.JUnitReportReporter -->
<testsuite skipped="1" hostname="LAPTOP-C6RVM9LF" name="assignments.DisablingTestScripts" tests="5" failures="0" timestamp="16 Jun 2021 03:02:38 GMT" time="0.033" errors="0">
  <testcase name="f2" time="0.001" classname="assignments.DisablingTestScripts"/>
  <testcase name="f4" time="0.001" classname="assignments.DisablingTestScripts"/>
  <testcase name="f1" time="0.029" classname="assignments.DisablingTestScripts"/>
  <testcase name="f5" time="0.002" classname="assignments.DisablingTestScripts"/>
  <testcase name="f3" classname="assignments.DisablingTestScripts">
    <skipped/>
  </testcase> <!-- f3 -->
</testsuite> <!-- assignments.DisablingTestScripts -->
