<?xml version="1.0" encoding="UTF-8"?>
<!-- Generated by org.testng.reporters.JUnitReportReporter -->
<testsuite skipped="0" hostname="LAPTOP-C6RVM9LF" name="testngFramework.TakingScreenshot" tests="2" failures="0" timestamp="23 Jun 2021 03:56:23 GMT" time="42.936" errors="0">
  <testcase name="a_pageLoad" time="18.389" classname="testngFramework.TakingScreenshot"/>
  <testcase name="b_login" time="24.547" classname="testngFramework.TakingScreenshot"/>
</testsuite> <!-- testngFramework.TakingScreenshot -->
