<?xml version="1.0" encoding="UTF-8"?>
<!-- Generated by org.testng.reporters.JUnitReportReporter -->
<testsuite skipped="0" hostname="LAPTOP-C6RVM9LF" name="assignments.TutorialsNinjaMouseHover" tests="5" failures="0" timestamp="15 Jun 2021 08:31:15 GMT" time="25.921" errors="0">
  <testcase name="c_addToCart" time="2.167" classname="assignments.TutorialsNinjaMouseHover"/>
  <testcase name="e_removeFromCart" time="0.245" classname="assignments.TutorialsNinjaMouseHover"/>
  <testcase name="b_mac" time="15.003" classname="assignments.TutorialsNinjaMouseHover"/>
  <testcase name="d_text" time="0.085" classname="assignments.TutorialsNinjaMouseHover"/>
  <testcase name="a_pageLoad" time="8.421" classname="assignments.TutorialsNinjaMouseHover"/>
</testsuite> <!-- assignments.TutorialsNinjaMouseHover -->
