<?xml version="1.0" encoding="UTF-8"?>
<!-- Generated by org.testng.reporters.JUnitReportReporter -->
<testsuite skipped="0" hostname="LAPTOP-C6RVM9LF" name="assignments.Formy" tests="8" failures="0" timestamp="15 Jun 2021 07:00:44 GMT" time="18.067" errors="0">
  <testcase name="c_job" time="0.216" classname="assignments.Formy"/>
  <testcase name="f_experience" time="0.268" classname="assignments.Formy"/>
  <testcase name="g_date" time="0.322" classname="assignments.Formy"/>
  <testcase name="h_submit" time="0.165" classname="assignments.Formy"/>
  <testcase name="a_pageLoad" time="16.311" classname="assignments.Formy"/>
  <testcase name="d_education" time="0.138" classname="assignments.Formy"/>
  <testcase name="e_sex" time="0.128" classname="assignments.Formy"/>
  <testcase name="b_name" time="0.519" classname="assignments.Formy"/>
</testsuite> <!-- assignments.Formy -->
