<?xml version="1.0" encoding="UTF-8"?>
<!-- Generated by org.testng.reporters.JUnitReportReporter -->
<testsuite skipped="0" hostname="LAPTOP-C6RVM9LF" name="assignments.TutorialNinjaLapttop" tests="8" failures="0" timestamp="15 Jun 2021 10:46:10 GMT" time="18.245" errors="0">
  <testcase name="e_text" time="0.103" classname="assignments.TutorialNinjaLapttop"/>
  <testcase name="g_attribute" time="0.249" classname="assignments.TutorialNinjaLapttop"/>
  <testcase name="h_cssvalue" time="0.034" classname="assignments.TutorialNinjaLapttop"/>
  <testcase name="c_title" time="0.028" classname="assignments.TutorialNinjaLapttop"/>
  <testcase name="a_pageLoad" time="13.327" classname="assignments.TutorialNinjaLapttop"/>
  <testcase name="f_starttag" time="0.032" classname="assignments.TutorialNinjaLapttop"/>
  <testcase name="d_url" time="0.011" classname="assignments.TutorialNinjaLapttop"/>
  <testcase name="b_search" time="4.461" classname="assignments.TutorialNinjaLapttop"/>
</testsuite> <!-- assignments.TutorialNinjaLapttop -->
