<?xml version="1.0" encoding="UTF-8"?>
<!-- Generated by org.testng.reporters.JUnitReportReporter -->
<testsuite skipped="0" hostname="LAPTOP-C6RVM9LF" name="assignments.FlipkartTestNg" tests="6" failures="0" timestamp="15 Jun 2021 10:50:46 GMT" time="30.844" errors="0">
  <testcase name="c_searchMobile" time="6.193" classname="assignments.FlipkartTestNg"/>
  <testcase name="b_closeLogin" time="0.744" classname="assignments.FlipkartTestNg"/>
  <testcase name="f_productDetails" time="5.887" classname="assignments.FlipkartTestNg"/>
  <testcase name="d_selectitem" time="0.327" classname="assignments.FlipkartTestNg"/>
  <testcase name="e_switchTab" time="0.169" classname="assignments.FlipkartTestNg"/>
  <testcase name="a_pageLoad" time="17.524" classname="assignments.FlipkartTestNg"/>
</testsuite> <!-- assignments.FlipkartTestNg -->
