<?xml version="1.0" encoding="UTF-8"?>
<!-- Generated by org.testng.reporters.JUnitReportReporter -->
<testsuite skipped="0" hostname="LAPTOP-C6RVM9LF" name="testngassignments.Medical" tests="10" failures="0" timestamp="17 Jun 2021 03:10:05 GMT" time="31.823" errors="0">
  <testcase name="i_relatives" time="0.329" classname="testngassignments.Medical"/>
  <testcase name="d_name" time="0.746" classname="testngassignments.Medical"/>
  <testcase name="h_phoneNumber" time="0.207" classname="testngassignments.Medical"/>
  <testcase name="c_register" time="9.854" classname="testngassignments.Medical"/>
  <testcase name="j_confirm" time="0.124" classname="testngassignments.Medical"/>
  <testcase name="g_address" time="1.123" classname="testngassignments.Medical"/>
  <testcase name="a_pageLoad" time="12.670" classname="testngassignments.Medical"/>
  <testcase name="b_logIn" time="6.120" classname="testngassignments.Medical"/>
  <testcase name="e_gender" time="0.161" classname="testngassignments.Medical"/>
  <testcase name="f_birthDay" time="0.489" classname="testngassignments.Medical"/>
</testsuite> <!-- testngassignments.Medical -->
