<?xml version="1.0" encoding="UTF-8"?>
<!-- Generated by org.testng.reporters.JUnitReportReporter -->
<testsuite skipped="0" hostname="LAPTOP-C6RVM9LF" name="assignments.SwagLabs" tests="3" failures="0" timestamp="14 Jun 2021 08:28:14 GMT" time="13.261" errors="0">
  <testcase name="pageLoad" time="7.829" classname="assignments.SwagLabs"/>
  <testcase name="signIn" time="2.139" classname="assignments.SwagLabs"/>
  <testcase name="signOut" time="3.293" classname="assignments.SwagLabs"/>
</testsuite> <!-- assignments.SwagLabs -->
